<?xml version="1.0" encoding="UTF-8"?>
<testsuite xmlns:xsi="http://www.w3.org/2001/XMLSchema-instance" xsi:noNamespaceSchemaLocation="https://maven.apache.org/surefire/maven-surefire-plugin/xsd/surefire-test-report.xsd" name="org.apache.hadoop.examples.pi.math.TestSummation" time="0.015" tests="1" errors="0" skipped="0" failures="0">
  <properties>
    <property name="java.specification.version" value="17"/>
    <property name="sun.jnu.encoding" value="UTF-8"/>
    <property name="java.class.path" value="/Users/yangfei/Desktop/2024fall/cloud_infra/project/hadoop/hadoop-mapreduce-project/hadoop-mapreduce-examples/target/test-classes:/Users/yangfei/Desktop/2024fall/cloud_infra/project/hadoop/hadoop-mapreduce-project/hadoop-mapreduce-examples/target/classes:/Users/yangfei/.m2/repository/commons-cli/commons-cli/1.5.0/commons-cli-1.5.0.jar:/Users/yangfei/.m2/repository/org/apache/hadoop/hadoop-mapreduce-client-jobclient/3.5.0-SNAPSHOT/hadoop-mapreduce-client-jobclient-3.5.0-SNAPSHOT.jar:/Users/yangfei/.m2/repository/org/apache/hadoop/hadoop-mapreduce-client-common/3.5.0-SNAPSHOT/hadoop-mapreduce-client-common-3.5.0-SNAPSHOT.jar:/Users/yangfei/.m2/repository/org/apache/hadoop/hadoop-yarn-client/3.5.0-SNAPSHOT/hadoop-yarn-client-3.5.0-SNAPSHOT.jar:/Users/yangfei/.m2/repository/org/eclipse/jetty/websocket/websocket-client/9.4.53.v20231009/websocket-client-9.4.53.v20231009.jar:/Users/yangfei/.m2/repository/org/eclipse/jetty/jetty-client/9.4.53.v20231009/jetty-client-9.4.53.v20231009.jar:/Users/yangfei/.m2/repository/org/eclipse/jetty/websocket/websocket-common/9.4.53.v20231009/websocket-common-9.4.53.v20231009.jar:/Users/yangfei/.m2/repository/org/eclipse/jetty/websocket/websocket-api/9.4.53.v20231009/websocket-api-9.4.53.v20231009.jar:/Users/yangfei/.m2/repository/org/jline/jline/3.9.0/jline-3.9.0.jar:/Users/yangfei/.m2/repository/org/apache/hadoop/hadoop-mapreduce-client-core/3.5.0-SNAPSHOT/hadoop-mapreduce-client-core-3.5.0-SNAPSHOT.jar:/Users/yangfei/.m2/repository/org/apache/avro/avro/1.9.2/avro-1.9.2.jar:/Users/yangfei/.m2/repository/com/fasterxml/jackson/core/jackson-core/2.12.7/jackson-core-2.12.7.jar:/Users/yangfei/.m2/repository/org/apache/hadoop/hadoop-annotations/3.5.0-SNAPSHOT/hadoop-annotations-3.5.0-SNAPSHOT.jar:/Users/yangfei/.m2/repository/com/google/inject/extensions/guice-servlet/5.1.0/guice-servlet-5.1.0.jar:/Users/yangfei/.m2/repository/com/google/inject/guice/5.1.0/guice-5.1.0.jar:/Users/yangfei/.m2/repository/javax/inject/javax.inject/1/javax.inject-1.jar:/Users/yangfei/.m2/repository/aopalliance/aopalliance/1.0/aopalliance-1.0.jar:/Users/yangfei/.m2/repository/io/netty/netty-all/4.1.100.Final/netty-all-4.1.100.Final.jar:/Users/yangfei/.m2/repository/io/netty/netty-buffer/4.1.100.Final/netty-buffer-4.1.100.Final.jar:/Users/yangfei/.m2/repository/io/netty/netty-codec/4.1.100.Final/netty-codec-4.1.100.Final.jar:/Users/yangfei/.m2/repository/io/netty/netty-codec-dns/4.1.100.Final/netty-codec-dns-4.1.100.Final.jar:/Users/yangfei/.m2/repository/io/netty/netty-codec-haproxy/4.1.100.Final/netty-codec-haproxy-4.1.100.Final.jar:/Users/yangfei/.m2/repository/io/netty/netty-codec-http/4.1.100.Final/netty-codec-http-4.1.100.Final.jar:/Users/yangfei/.m2/repository/io/netty/netty-codec-http2/4.1.100.Final/netty-codec-http2-4.1.100.Final.jar:/Users/yangfei/.m2/repository/io/netty/netty-codec-memcache/4.1.100.Final/netty-codec-memcache-4.1.100.Final.jar:/Users/yangfei/.m2/repository/io/netty/netty-codec-mqtt/4.1.100.Final/netty-codec-mqtt-4.1.100.Final.jar:/Users/yangfei/.m2/repository/io/netty/netty-codec-redis/4.1.100.Final/netty-codec-redis-4.1.100.Final.jar:/Users/yangfei/.m2/repository/io/netty/netty-codec-smtp/4.1.100.Final/netty-codec-smtp-4.1.100.Final.jar:/Users/yangfei/.m2/repository/io/netty/netty-codec-socks/4.1.100.Final/netty-codec-socks-4.1.100.Final.jar:/Users/yangfei/.m2/repository/io/netty/netty-codec-stomp/4.1.100.Final/netty-codec-stomp-4.1.100.Final.jar:/Users/yangfei/.m2/repository/io/netty/netty-codec-xml/4.1.100.Final/netty-codec-xml-4.1.100.Final.jar:/Users/yangfei/.m2/repository/io/netty/netty-common/4.1.100.Final/netty-common-4.1.100.Final.jar:/Users/yangfei/.m2/repository/io/netty/netty-transport-native-unix-common/4.1.100.Final/netty-transport-native-unix-common-4.1.100.Final.jar:/Users/yangfei/.m2/repository/io/netty/netty-handler-proxy/4.1.100.Final/netty-handler-proxy-4.1.100.Final.jar:/Users/yangfei/.m2/repository/io/netty/netty-handler-ssl-ocsp/4.1.100.Final/netty-handler-ssl-ocsp-4.1.100.Final.jar:/Users/yangfei/.m2/repository/io/netty/netty-resolver/4.1.100.Final/netty-resolver-4.1.100.Final.jar:/Users/yangfei/.m2/repository/io/netty/netty-resolver-dns/4.1.100.Final/netty-resolver-dns-4.1.100.Final.jar:/Users/yangfei/.m2/repository/io/netty/netty-transport/4.1.100.Final/netty-transport-4.1.100.Final.jar:/Users/yangfei/.m2/repository/io/netty/netty-transport-rxtx/4.1.100.Final/netty-transport-rxtx-4.1.100.Final.jar:/Users/yangfei/.m2/repository/io/netty/netty-transport-sctp/4.1.100.Final/netty-transport-sctp-4.1.100.Final.jar:/Users/yangfei/.m2/repository/io/netty/netty-transport-udt/4.1.100.Final/netty-transport-udt-4.1.100.Final.jar:/Users/yangfei/.m2/repository/io/netty/netty-transport-classes-epoll/4.1.100.Final/netty-transport-classes-epoll-4.1.100.Final.jar:/Users/yangfei/.m2/repository/io/netty/netty-transport-classes-kqueue/4.1.100.Final/netty-transport-classes-kqueue-4.1.100.Final.jar:/Users/yangfei/.m2/repository/io/netty/netty-resolver-dns-classes-macos/4.1.100.Final/netty-resolver-dns-classes-macos-4.1.100.Final.jar:/Users/yangfei/.m2/repository/io/netty/netty-transport-native-epoll/4.1.100.Final/netty-transport-native-epoll-4.1.100.Final-linux-x86_64.jar:/Users/yangfei/.m2/repository/io/netty/netty-transport-native-epoll/4.1.100.Final/netty-transport-native-epoll-4.1.100.Final-linux-aarch_64.jar:/Users/yangfei/.m2/repository/io/netty/netty-transport-native-kqueue/4.1.100.Final/netty-transport-native-kqueue-4.1.100.Final-osx-x86_64.jar:/Users/yangfei/.m2/repository/io/netty/netty-transport-native-kqueue/4.1.100.Final/netty-transport-native-kqueue-4.1.100.Final-osx-aarch_64.jar:/Users/yangfei/.m2/repository/io/netty/netty-resolver-dns-native-macos/4.1.100.Final/netty-resolver-dns-native-macos-4.1.100.Final-osx-x86_64.jar:/Users/yangfei/.m2/repository/io/netty/netty-resolver-dns-native-macos/4.1.100.Final/netty-resolver-dns-native-macos-4.1.100.Final-osx-aarch_64.jar:/Users/yangfei/.m2/repository/org/apache/hadoop/hadoop-mapreduce-client-jobclient/3.5.0-SNAPSHOT/hadoop-mapreduce-client-jobclient-3.5.0-SNAPSHOT-tests.jar:/Users/yangfei/.m2/repository/org/slf4j/slf4j-reload4j/1.7.36/slf4j-reload4j-1.7.36.jar:/Users/yangfei/.m2/repository/org/apache/hadoop/hadoop-common/3.5.0-SNAPSHOT/hadoop-common-3.5.0-SNAPSHOT.jar:/Users/yangfei/.m2/repository/org/apache/hadoop/thirdparty/hadoop-shaded-protobuf_3_25/1.3.0/hadoop-shaded-protobuf_3_25-1.3.0.jar:/Users/yangfei/.m2/repository/com/google/guava/guava/27.0-jre/guava-27.0-jre.jar:/Users/yangfei/.m2/repository/com/google/guava/failureaccess/1.0/failureaccess-1.0.jar:/Users/yangfei/.m2/repository/com/google/guava/listenablefuture/9999.0-empty-to-avoid-conflict-with-guava/listenablefuture-9999.0-empty-to-avoid-conflict-with-guava.jar:/Users/yangfei/.m2/repository/org/checkerframework/checker-qual/2.5.2/checker-qual-2.5.2.jar:/Users/yangfei/.m2/repository/com/google/j2objc/j2objc-annotations/1.1/j2objc-annotations-1.1.jar:/Users/yangfei/.m2/repository/org/codehaus/mojo/animal-sniffer-annotations/1.17/animal-sniffer-annotations-1.17.jar:/Users/yangfei/.m2/repository/org/apache/commons/commons-math3/3.6.1/commons-math3-3.6.1.jar:/Users/yangfei/.m2/repository/org/apache/httpcomponents/httpclient/4.5.13/httpclient-4.5.13.jar:/Users/yangfei/.m2/repository/commons-logging/commons-logging/1.2/commons-logging-1.2.jar:/Users/yangfei/.m2/repository/commons-codec/commons-codec/1.15/commons-codec-1.15.jar:/Users/yangfei/.m2/repository/commons-io/commons-io/2.16.1/commons-io-2.16.1.jar:/Users/yangfei/.m2/repository/commons-net/commons-net/3.9.0/commons-net-3.9.0.jar:/Users/yangfei/.m2/repository/org/apache/commons/commons-collections4/4.4/commons-collections4-4.4.jar:/Users/yangfei/.m2/repository/javax/servlet/javax.servlet-api/3.1.0/javax.servlet-api-3.1.0.jar:/Users/yangfei/.m2/repository/jakarta/activation/jakarta.activation-api/1.2.1/jakarta.activation-api-1.2.1.jar:/Users/yangfei/.m2/repository/org/eclipse/jetty/jetty-server/9.4.53.v20231009/jetty-server-9.4.53.v20231009.jar:/Users/yangfei/.m2/repository/org/eclipse/jetty/jetty-http/9.4.53.v20231009/jetty-http-9.4.53.v20231009.jar:/Users/yangfei/.m2/repository/org/eclipse/jetty/jetty-io/9.4.53.v20231009/jetty-io-9.4.53.v20231009.jar:/Users/yangfei/.m2/repository/org/eclipse/jetty/jetty-util/9.4.53.v20231009/jetty-util-9.4.53.v20231009.jar:/Users/yangfei/.m2/repository/org/eclipse/jetty/jetty-servlet/9.4.53.v20231009/jetty-servlet-9.4.53.v20231009.jar:/Users/yangfei/.m2/repository/org/eclipse/jetty/jetty-security/9.4.53.v20231009/jetty-security-9.4.53.v20231009.jar:/Users/yangfei/.m2/repository/org/eclipse/jetty/jetty-webapp/9.4.53.v20231009/jetty-webapp-9.4.53.v20231009.jar:/Users/yangfei/.m2/repository/org/eclipse/jetty/jetty-xml/9.4.53.v20231009/jetty-xml-9.4.53.v20231009.jar:/Users/yangfei/.m2/repository/javax/servlet/jsp/jsp-api/2.1/jsp-api-2.1.jar:/Users/yangfei/.m2/repository/com/sun/jersey/jersey-core/1.19.4/jersey-core-1.19.4.jar:/Users/yangfei/.m2/repository/javax/ws/rs/jsr311-api/1.1.1/jsr311-api-1.1.1.jar:/Users/yangfei/.m2/repository/com/sun/jersey/jersey-servlet/1.19.4/jersey-servlet-1.19.4.jar:/Users/yangfei/.m2/repository/com/github/pjfanning/jersey-json/1.22.0/jersey-json-1.22.0.jar:/Users/yangfei/.m2/repository/com/sun/xml/bind/jaxb-impl/2.2.3-1/jaxb-impl-2.2.3-1.jar:/Users/yangfei/.m2/repository/org/codehaus/jettison/jettison/1.5.4/jettison-1.5.4.jar:/Users/yangfei/.m2/repository/com/sun/jersey/jersey-server/1.19.4/jersey-server-1.19.4.jar:/Users/yangfei/.m2/repository/ch/qos/reload4j/reload4j/1.2.22/reload4j-1.2.22.jar:/Users/yangfei/.m2/repository/commons-beanutils/commons-beanutils/1.9.4/commons-beanutils-1.9.4.jar:/Users/yangfei/.m2/repository/org/apache/commons/commons-configuration2/2.10.1/commons-configuration2-2.10.1.jar:/Users/yangfei/.m2/repository/org/apache/commons/commons-lang3/3.12.0/commons-lang3-3.12.0.jar:/Users/yangfei/.m2/repository/org/apache/commons/commons-text/1.10.0/commons-text-1.10.0.jar:/Users/yangfei/.m2/repository/com/google/re2j/re2j/1.1/re2j-1.1.jar:/Users/yangfei/.m2/repository/com/google/code/gson/gson/2.9.0/gson-2.9.0.jar:/Users/yangfei/.m2/repository/org/apache/hadoop/hadoop-auth/3.5.0-SNAPSHOT/hadoop-auth-3.5.0-SNAPSHOT.jar:/Users/yangfei/.m2/repository/com/nimbusds/nimbus-jose-jwt/9.37.2/nimbus-jose-jwt-9.37.2.jar:/Users/yangfei/.m2/repository/com/github/stephenc/jcip/jcip-annotations/1.0-1/jcip-annotations-1.0-1.jar:/Users/yangfei/.m2/repository/org/apache/curator/curator-framework/5.2.0/curator-framework-5.2.0.jar:/Users/yangfei/.m2/repository/org/apache/kerby/kerb-util/2.0.3/kerb-util-2.0.3.jar:/Users/yangfei/.m2/repository/org/apache/kerby/kerby-config/2.0.3/kerby-config-2.0.3.jar:/Users/yangfei/.m2/repository/org/apache/kerby/kerb-crypto/2.0.3/kerb-crypto-2.0.3.jar:/Users/yangfei/.m2/repository/com/jcraft/jsch/0.1.55/jsch-0.1.55.jar:/Users/yangfei/.m2/repository/org/apache/curator/curator-client/5.2.0/curator-client-5.2.0.jar:/Users/yangfei/.m2/repository/org/apache/curator/curator-recipes/5.2.0/curator-recipes-5.2.0.jar:/Users/yangfei/.m2/repository/com/google/code/findbugs/jsr305/3.0.2/jsr305-3.0.2.jar:/Users/yangfei/.m2/repository/org/apache/zookeeper/zookeeper/3.8.4/zookeeper-3.8.4.jar:/Users/yangfei/.m2/repository/org/apache/zookeeper/zookeeper-jute/3.8.4/zookeeper-jute-3.8.4.jar:/Users/yangfei/.m2/repository/org/apache/yetus/audience-annotations/0.12.0/audience-annotations-0.12.0.jar:/Users/yangfei/.m2/repository/io/netty/netty-handler/4.1.100.Final/netty-handler-4.1.100.Final.jar:/Users/yangfei/.m2/repository/io/netty/netty-transport-native-epoll/4.1.100.Final/netty-transport-native-epoll-4.1.100.Final.jar:/Users/yangfei/.m2/repository/io/dropwizard/metrics/metrics-core/3.2.4/metrics-core-3.2.4.jar:/Users/yangfei/.m2/repository/org/apache/commons/commons-compress/1.26.1/commons-compress-1.26.1.jar:/Users/yangfei/.m2/repository/org/bouncycastle/bcprov-jdk18on/1.78.1/bcprov-jdk18on-1.78.1.jar:/Users/yangfei/.m2/repository/org/apache/kerby/kerb-core/2.0.3/kerb-core-2.0.3.jar:/Users/yangfei/.m2/repository/org/apache/kerby/kerby-pkix/2.0.3/kerby-pkix-2.0.3.jar:/Users/yangfei/.m2/repository/org/apache/kerby/kerby-asn1/2.0.3/kerby-asn1-2.0.3.jar:/Users/yangfei/.m2/repository/org/apache/kerby/kerby-util/2.0.3/kerby-util-2.0.3.jar:/Users/yangfei/.m2/repository/com/fasterxml/jackson/core/jackson-databind/2.12.7.1/jackson-databind-2.12.7.1.jar:/Users/yangfei/.m2/repository/org/codehaus/woodstox/stax2-api/4.2.1/stax2-api-4.2.1.jar:/Users/yangfei/.m2/repository/com/fasterxml/woodstox/woodstox-core/5.4.0/woodstox-core-5.4.0.jar:/Users/yangfei/.m2/repository/dnsjava/dnsjava/3.6.1/dnsjava-3.6.1.jar:/Users/yangfei/.m2/repository/org/xerial/snappy/snappy-java/1.1.10.4/snappy-java-1.1.10.4.jar:/Users/yangfei/.m2/repository/org/apache/hadoop/hadoop-common/3.5.0-SNAPSHOT/hadoop-common-3.5.0-SNAPSHOT-tests.jar:/Users/yangfei/.m2/repository/org/apache/hadoop/hadoop-hdfs-client/3.5.0-SNAPSHOT/hadoop-hdfs-client-3.5.0-SNAPSHOT.jar:/Users/yangfei/.m2/repository/org/apache/httpcomponents/httpcore/4.4.13/httpcore-4.4.13.jar:/Users/yangfei/.m2/repository/com/fasterxml/jackson/core/jackson-annotations/2.12.7/jackson-annotations-2.12.7.jar:/Users/yangfei/.m2/repository/org/apache/hadoop/hadoop-hdfs/3.5.0-SNAPSHOT/hadoop-hdfs-3.5.0-SNAPSHOT-tests.jar:/Users/yangfei/.m2/repository/org/eclipse/jetty/jetty-util-ajax/9.4.53.v20231009/jetty-util-ajax-9.4.53.v20231009.jar:/Users/yangfei/.m2/repository/commons-daemon/commons-daemon/1.0.13/commons-daemon-1.0.13.jar:/Users/yangfei/.m2/repository/org/fusesource/leveldbjni/leveldbjni-all/1.8/leveldbjni-all-1.8.jar:/Users/yangfei/.m2/repository/org/apache/hadoop/hadoop-yarn-server-tests/3.5.0-SNAPSHOT/hadoop-yarn-server-tests-3.5.0-SNAPSHOT-tests.jar:/Users/yangfei/.m2/repository/org/apache/hadoop/hadoop-yarn-server-common/3.5.0-SNAPSHOT/hadoop-yarn-server-common-3.5.0-SNAPSHOT.jar:/Users/yangfei/.m2/repository/org/apache/hadoop/hadoop-registry/3.5.0-SNAPSHOT/hadoop-registry-3.5.0-SNAPSHOT.jar:/Users/yangfei/.m2/repository/javax/cache/cache-api/1.1.1/cache-api-1.1.1.jar:/Users/yangfei/.m2/repository/org/ehcache/ehcache/3.8.2/ehcache-3.8.2.jar:/Users/yangfei/.m2/repository/org/glassfish/jaxb/jaxb-runtime/2.3.1/jaxb-runtime-2.3.1.jar:/Users/yangfei/.m2/repository/org/glassfish/jaxb/txw2/2.3.1/txw2-2.3.1.jar:/Users/yangfei/.m2/repository/com/sun/istack/istack-commons-runtime/3.0.7/istack-commons-runtime-3.0.7.jar:/Users/yangfei/.m2/repository/org/jvnet/staxex/stax-ex/1.8/stax-ex-1.8.jar:/Users/yangfei/.m2/repository/com/sun/xml/fastinfoset/FastInfoset/1.2.15/FastInfoset-1.2.15.jar:/Users/yangfei/.m2/repository/javax/activation/javax.activation-api/1.2.0/javax.activation-api-1.2.0.jar:/Users/yangfei/.m2/repository/com/github/ben-manes/caffeine/caffeine/2.9.3/caffeine-2.9.3.jar:/Users/yangfei/.m2/repository/com/zaxxer/HikariCP/4.0.3/HikariCP-4.0.3.jar:/Users/yangfei/.m2/repository/com/microsoft/sqlserver/mssql-jdbc/6.2.1.jre7/mssql-jdbc-6.2.1.jre7.jar:/Users/yangfei/.m2/repository/org/apache/hadoop/hadoop-yarn-server-nodemanager/3.5.0-SNAPSHOT/hadoop-yarn-server-nodemanager-3.5.0-SNAPSHOT.jar:/Users/yangfei/.m2/repository/javax/xml/bind/jaxb-api/2.2.11/jaxb-api-2.2.11.jar:/Users/yangfei/.m2/repository/com/sun/jersey/jersey-client/1.19.4/jersey-client-1.19.4.jar:/Users/yangfei/.m2/repository/org/eclipse/jetty/websocket/javax-websocket-server-impl/9.4.53.v20231009/javax-websocket-server-impl-9.4.53.v20231009.jar:/Users/yangfei/.m2/repository/org/eclipse/jetty/jetty-annotations/9.4.53.v20231009/jetty-annotations-9.4.53.v20231009.jar:/Users/yangfei/.m2/repository/org/eclipse/jetty/jetty-plus/9.4.53.v20231009/jetty-plus-9.4.53.v20231009.jar:/Users/yangfei/.m2/repository/org/eclipse/jetty/jetty-jndi/9.4.53.v20231009/jetty-jndi-9.4.53.v20231009.jar:/Users/yangfei/.m2/repository/javax/annotation/javax.annotation-api/1.3.2/javax.annotation-api-1.3.2.jar:/Users/yangfei/.m2/repository/org/ow2/asm/asm-commons/9.6/asm-commons-9.6.jar:/Users/yangfei/.m2/repository/org/ow2/asm/asm-tree/9.6/asm-tree-9.6.jar:/Users/yangfei/.m2/repository/org/eclipse/jetty/websocket/javax-websocket-client-impl/9.4.53.v20231009/javax-websocket-client-impl-9.4.53.v20231009.jar:/Users/yangfei/.m2/repository/javax/websocket/javax.websocket-client-api/1.0/javax.websocket-client-api-1.0.jar:/Users/yangfei/.m2/repository/org/eclipse/jetty/websocket/websocket-server/9.4.53.v20231009/websocket-server-9.4.53.v20231009.jar:/Users/yangfei/.m2/repository/org/eclipse/jetty/websocket/websocket-servlet/9.4.53.v20231009/websocket-servlet-9.4.53.v20231009.jar:/Users/yangfei/.m2/repository/javax/websocket/javax.websocket-api/1.0/javax.websocket-api-1.0.jar:/Users/yangfei/.m2/repository/com/sun/jersey/contribs/jersey-guice/1.19.4/jersey-guice-1.19.4.jar:/Users/yangfei/.m2/repository/net/java/dev/jna/jna/5.2.0/jna-5.2.0.jar:/Users/yangfei/.m2/repository/org/apache/hadoop/hadoop-yarn-server-resourcemanager/3.5.0-SNAPSHOT/hadoop-yarn-server-resourcemanager-3.5.0-SNAPSHOT.jar:/Users/yangfei/.m2/repository/org/apache/hadoop/hadoop-yarn-server-applicationhistoryservice/3.5.0-SNAPSHOT/hadoop-yarn-server-applicationhistoryservice-3.5.0-SNAPSHOT.jar:/Users/yangfei/.m2/repository/de/ruedigermoeller/fst/2.50/fst-2.50.jar:/Users/yangfei/.m2/repository/org/objenesis/objenesis/2.6/objenesis-2.6.jar:/Users/yangfei/.m2/repository/org/jsonschema2pojo/jsonschema2pojo-core/1.0.2/jsonschema2pojo-core-1.0.2.jar:/Users/yangfei/.m2/repository/com/sun/codemodel/codemodel/2.6/codemodel-2.6.jar:/Users/yangfei/.m2/repository/commons-lang/commons-lang/2.6/commons-lang-2.6.jar:/Users/yangfei/.m2/repository/org/apache/hadoop/hadoop-yarn-server-timelineservice/3.5.0-SNAPSHOT/hadoop-yarn-server-timelineservice-3.5.0-SNAPSHOT.jar:/Users/yangfei/.m2/repository/org/apache/commons/commons-csv/1.9.0/commons-csv-1.9.0.jar:/Users/yangfei/.m2/repository/org/apache/hadoop/hadoop-yarn-common/3.5.0-SNAPSHOT/hadoop-yarn-common-3.5.0-SNAPSHOT.jar:/Users/yangfei/.m2/repository/com/fasterxml/jackson/module/jackson-module-jaxb-annotations/2.12.7/jackson-module-jaxb-annotations-2.12.7.jar:/Users/yangfei/.m2/repository/jakarta/xml/bind/jakarta.xml.bind-api/2.3.2/jakarta.xml.bind-api-2.3.2.jar:/Users/yangfei/.m2/repository/com/fasterxml/jackson/jaxrs/jackson-jaxrs-json-provider/2.12.7/jackson-jaxrs-json-provider-2.12.7.jar:/Users/yangfei/.m2/repository/com/fasterxml/jackson/jaxrs/jackson-jaxrs-base/2.12.7/jackson-jaxrs-base-2.12.7.jar:/Users/yangfei/.m2/repository/org/apache/hadoop/hadoop-yarn-api/3.5.0-SNAPSHOT/hadoop-yarn-api-3.5.0-SNAPSHOT.jar:/Users/yangfei/.m2/repository/org/apache/hadoop/hadoop-mapreduce-client-app/3.5.0-SNAPSHOT/hadoop-mapreduce-client-app-3.5.0-SNAPSHOT.jar:/Users/yangfei/.m2/repository/org/apache/hadoop/hadoop-yarn-server-web-proxy/3.5.0-SNAPSHOT/hadoop-yarn-server-web-proxy-3.5.0-SNAPSHOT.jar:/Users/yangfei/.m2/repository/org/apache/hadoop/hadoop-mapreduce-client-shuffle/3.5.0-SNAPSHOT/hadoop-mapreduce-client-shuffle-3.5.0-SNAPSHOT.jar:/Users/yangfei/.m2/repository/org/apache/hadoop/hadoop-mapreduce-client-app/3.5.0-SNAPSHOT/hadoop-mapreduce-client-app-3.5.0-SNAPSHOT-tests.jar:/Users/yangfei/.m2/repository/com/sun/jersey/jersey-test-framework/jersey-test-framework-grizzly2/1.19.4/jersey-test-framework-grizzly2-1.19.4.jar:/Users/yangfei/.m2/repository/com/sun/jersey/jersey-test-framework/jersey-test-framework-core/1.19.4/jersey-test-framework-core-1.19.4.jar:/Users/yangfei/.m2/repository/junit/junit/4.13.2/junit-4.13.2.jar:/Users/yangfei/.m2/repository/org/hamcrest/hamcrest-core/1.3/hamcrest-core-1.3.jar:/Users/yangfei/.m2/repository/com/sun/jersey/jersey-grizzly2-servlet/1.19.4/jersey-grizzly2-servlet-1.19.4.jar:/Users/yangfei/.m2/repository/org/glassfish/grizzly/grizzly-http-servlet/2.2.16/grizzly-http-servlet-2.2.16.jar:/Users/yangfei/.m2/repository/org/glassfish/grizzly/grizzly-http-server/2.2.16/grizzly-http-server-2.2.16.jar:/Users/yangfei/.m2/repository/org/glassfish/grizzly/grizzly-rcm/2.2.16/grizzly-rcm-2.2.16.jar:/Users/yangfei/.m2/repository/com/sun/jersey/jersey-grizzly2/1.19.4/jersey-grizzly2-1.19.4.jar:/Users/yangfei/.m2/repository/org/glassfish/grizzly/grizzly-http/2.2.16/grizzly-http-2.2.16.jar:/Users/yangfei/.m2/repository/org/glassfish/grizzly/grizzly-framework/2.2.16/grizzly-framework-2.2.16.jar:/Users/yangfei/.m2/repository/org/apache/hadoop/hadoop-mapreduce-client-hs/3.5.0-SNAPSHOT/hadoop-mapreduce-client-hs-3.5.0-SNAPSHOT.jar:/Users/yangfei/.m2/repository/org/apache/hadoop/hadoop-hdfs/3.5.0-SNAPSHOT/hadoop-hdfs-3.5.0-SNAPSHOT.jar:/Users/yangfei/.m2/repository/org/hsqldb/hsqldb/2.7.1/hsqldb-2.7.1-jdk8.jar:/Users/yangfei/.m2/repository/org/apache/hadoop/thirdparty/hadoop-shaded-guava/1.3.0/hadoop-shaded-guava-1.3.0.jar:/Users/yangfei/.m2/repository/org/slf4j/slf4j-api/1.7.36/slf4j-api-1.7.36.jar:/Users/yangfei/.m2/repository/org/assertj/assertj-core/3.12.2/assertj-core-3.12.2.jar:/Users/yangfei/.m2/repository/org/junit/jupiter/junit-jupiter-api/5.8.2/junit-jupiter-api-5.8.2.jar:/Users/yangfei/.m2/repository/org/opentest4j/opentest4j/1.2.0/opentest4j-1.2.0.jar:/Users/yangfei/.m2/repository/org/junit/platform/junit-platform-commons/1.8.2/junit-platform-commons-1.8.2.jar:/Users/yangfei/.m2/repository/org/apiguardian/apiguardian-api/1.1.2/apiguardian-api-1.1.2.jar:/Users/yangfei/.m2/repository/org/junit/jupiter/junit-jupiter-engine/5.8.2/junit-jupiter-engine-5.8.2.jar:/Users/yangfei/.m2/repository/org/junit/platform/junit-platform-engine/1.8.2/junit-platform-engine-1.8.2.jar:/Users/yangfei/.m2/repository/org/junit/platform/junit-platform-launcher/1.8.2/junit-platform-launcher-1.8.2.jar:"/>
    <property name="java.vm.vendor" value="Eclipse Adoptium"/>
    <property name="sun.arch.data.model" value="64"/>
    <property name="test.build.dir" value="/Users/yangfei/Desktop/2024fall/cloud_infra/project/hadoop/hadoop-mapreduce-project/hadoop-mapreduce-examples/target/test-dir"/>
    <property name="test.cache.data" value=""/>
    <property name="java.vendor.url" value="https://adoptium.net/"/>
    <property name="os.name" value="Mac OS X"/>
    <property name="java.vm.specification.version" value="17"/>
    <property name="test.build.data" value="/Users/yangfei/Desktop/2024fall/cloud_infra/project/hadoop/hadoop-mapreduce-project/hadoop-mapreduce-examples/target/test-dir"/>
    <property name="sun.java.launcher" value="SUN_STANDARD"/>
    <property name="user.country" value="CN"/>
    <property name="sun.boot.library.path" value="/Users/yangfei/.sdkman/candidates/java/17.0.4.1-tem/lib"/>
    <property name="sun.java.command" value="/Users/yangfei/Desktop/2024fall/cloud_infra/project/hadoop/hadoop-mapreduce-project/hadoop-mapreduce-examples/target/surefire/surefirebooter5844642575361415991.jar /Users/yangfei/Desktop/2024fall/cloud_infra/project/hadoop/hadoop-mapreduce-project/hadoop-mapreduce-examples/target/surefire 2024-10-08T16-03-55_552-jvmRun1 surefire7355350966226909026tmp surefire_115176975915384477389tmp"/>
    <property name="http.nonProxyHosts" value="127.0.0.1|192.168.0.0/16|*.192.168.0.0/16|10.0.0.0/8|*.10.0.0.0/8|172.16.0.0/12|*.172.16.0.0/12|100.64.0.0/10|*.100.64.0.0/10|17.0.0.0/8|*.17.0.0.0/8|localhost|*.localhost|local|*.local|169.254.0.0/16|*.169.254.0.0/16|224.0.0.0/4|*.224.0.0.0/4|240.0.0.0/4|*.240.0.0.0/4"/>
    <property name="jdk.debug" value="release"/>
    <property name="surefire.test.class.path" value="/Users/yangfei/Desktop/2024fall/cloud_infra/project/hadoop/hadoop-mapreduce-project/hadoop-mapreduce-examples/target/test-classes:/Users/yangfei/Desktop/2024fall/cloud_infra/project/hadoop/hadoop-mapreduce-project/hadoop-mapreduce-examples/target/classes:/Users/yangfei/.m2/repository/commons-cli/commons-cli/1.5.0/commons-cli-1.5.0.jar:/Users/yangfei/.m2/repository/org/apache/hadoop/hadoop-mapreduce-client-jobclient/3.5.0-SNAPSHOT/hadoop-mapreduce-client-jobclient-3.5.0-SNAPSHOT.jar:/Users/yangfei/.m2/repository/org/apache/hadoop/hadoop-mapreduce-client-common/3.5.0-SNAPSHOT/hadoop-mapreduce-client-common-3.5.0-SNAPSHOT.jar:/Users/yangfei/.m2/repository/org/apache/hadoop/hadoop-yarn-client/3.5.0-SNAPSHOT/hadoop-yarn-client-3.5.0-SNAPSHOT.jar:/Users/yangfei/.m2/repository/org/eclipse/jetty/websocket/websocket-client/9.4.53.v20231009/websocket-client-9.4.53.v20231009.jar:/Users/yangfei/.m2/repository/org/eclipse/jetty/jetty-client/9.4.53.v20231009/jetty-client-9.4.53.v20231009.jar:/Users/yangfei/.m2/repository/org/eclipse/jetty/websocket/websocket-common/9.4.53.v20231009/websocket-common-9.4.53.v20231009.jar:/Users/yangfei/.m2/repository/org/eclipse/jetty/websocket/websocket-api/9.4.53.v20231009/websocket-api-9.4.53.v20231009.jar:/Users/yangfei/.m2/repository/org/jline/jline/3.9.0/jline-3.9.0.jar:/Users/yangfei/.m2/repository/org/apache/hadoop/hadoop-mapreduce-client-core/3.5.0-SNAPSHOT/hadoop-mapreduce-client-core-3.5.0-SNAPSHOT.jar:/Users/yangfei/.m2/repository/org/apache/avro/avro/1.9.2/avro-1.9.2.jar:/Users/yangfei/.m2/repository/com/fasterxml/jackson/core/jackson-core/2.12.7/jackson-core-2.12.7.jar:/Users/yangfei/.m2/repository/org/apache/hadoop/hadoop-annotations/3.5.0-SNAPSHOT/hadoop-annotations-3.5.0-SNAPSHOT.jar:/Users/yangfei/.m2/repository/com/google/inject/extensions/guice-servlet/5.1.0/guice-servlet-5.1.0.jar:/Users/yangfei/.m2/repository/com/google/inject/guice/5.1.0/guice-5.1.0.jar:/Users/yangfei/.m2/repository/javax/inject/javax.inject/1/javax.inject-1.jar:/Users/yangfei/.m2/repository/aopalliance/aopalliance/1.0/aopalliance-1.0.jar:/Users/yangfei/.m2/repository/io/netty/netty-all/4.1.100.Final/netty-all-4.1.100.Final.jar:/Users/yangfei/.m2/repository/io/netty/netty-buffer/4.1.100.Final/netty-buffer-4.1.100.Final.jar:/Users/yangfei/.m2/repository/io/netty/netty-codec/4.1.100.Final/netty-codec-4.1.100.Final.jar:/Users/yangfei/.m2/repository/io/netty/netty-codec-dns/4.1.100.Final/netty-codec-dns-4.1.100.Final.jar:/Users/yangfei/.m2/repository/io/netty/netty-codec-haproxy/4.1.100.Final/netty-codec-haproxy-4.1.100.Final.jar:/Users/yangfei/.m2/repository/io/netty/netty-codec-http/4.1.100.Final/netty-codec-http-4.1.100.Final.jar:/Users/yangfei/.m2/repository/io/netty/netty-codec-http2/4.1.100.Final/netty-codec-http2-4.1.100.Final.jar:/Users/yangfei/.m2/repository/io/netty/netty-codec-memcache/4.1.100.Final/netty-codec-memcache-4.1.100.Final.jar:/Users/yangfei/.m2/repository/io/netty/netty-codec-mqtt/4.1.100.Final/netty-codec-mqtt-4.1.100.Final.jar:/Users/yangfei/.m2/repository/io/netty/netty-codec-redis/4.1.100.Final/netty-codec-redis-4.1.100.Final.jar:/Users/yangfei/.m2/repository/io/netty/netty-codec-smtp/4.1.100.Final/netty-codec-smtp-4.1.100.Final.jar:/Users/yangfei/.m2/repository/io/netty/netty-codec-socks/4.1.100.Final/netty-codec-socks-4.1.100.Final.jar:/Users/yangfei/.m2/repository/io/netty/netty-codec-stomp/4.1.100.Final/netty-codec-stomp-4.1.100.Final.jar:/Users/yangfei/.m2/repository/io/netty/netty-codec-xml/4.1.100.Final/netty-codec-xml-4.1.100.Final.jar:/Users/yangfei/.m2/repository/io/netty/netty-common/4.1.100.Final/netty-common-4.1.100.Final.jar:/Users/yangfei/.m2/repository/io/netty/netty-transport-native-unix-common/4.1.100.Final/netty-transport-native-unix-common-4.1.100.Final.jar:/Users/yangfei/.m2/repository/io/netty/netty-handler-proxy/4.1.100.Final/netty-handler-proxy-4.1.100.Final.jar:/Users/yangfei/.m2/repository/io/netty/netty-handler-ssl-ocsp/4.1.100.Final/netty-handler-ssl-ocsp-4.1.100.Final.jar:/Users/yangfei/.m2/repository/io/netty/netty-resolver/4.1.100.Final/netty-resolver-4.1.100.Final.jar:/Users/yangfei/.m2/repository/io/netty/netty-resolver-dns/4.1.100.Final/netty-resolver-dns-4.1.100.Final.jar:/Users/yangfei/.m2/repository/io/netty/netty-transport/4.1.100.Final/netty-transport-4.1.100.Final.jar:/Users/yangfei/.m2/repository/io/netty/netty-transport-rxtx/4.1.100.Final/netty-transport-rxtx-4.1.100.Final.jar:/Users/yangfei/.m2/repository/io/netty/netty-transport-sctp/4.1.100.Final/netty-transport-sctp-4.1.100.Final.jar:/Users/yangfei/.m2/repository/io/netty/netty-transport-udt/4.1.100.Final/netty-transport-udt-4.1.100.Final.jar:/Users/yangfei/.m2/repository/io/netty/netty-transport-classes-epoll/4.1.100.Final/netty-transport-classes-epoll-4.1.100.Final.jar:/Users/yangfei/.m2/repository/io/netty/netty-transport-classes-kqueue/4.1.100.Final/netty-transport-classes-kqueue-4.1.100.Final.jar:/Users/yangfei/.m2/repository/io/netty/netty-resolver-dns-classes-macos/4.1.100.Final/netty-resolver-dns-classes-macos-4.1.100.Final.jar:/Users/yangfei/.m2/repository/io/netty/netty-transport-native-epoll/4.1.100.Final/netty-transport-native-epoll-4.1.100.Final-linux-x86_64.jar:/Users/yangfei/.m2/repository/io/netty/netty-transport-native-epoll/4.1.100.Final/netty-transport-native-epoll-4.1.100.Final-linux-aarch_64.jar:/Users/yangfei/.m2/repository/io/netty/netty-transport-native-kqueue/4.1.100.Final/netty-transport-native-kqueue-4.1.100.Final-osx-x86_64.jar:/Users/yangfei/.m2/repository/io/netty/netty-transport-native-kqueue/4.1.100.Final/netty-transport-native-kqueue-4.1.100.Final-osx-aarch_64.jar:/Users/yangfei/.m2/repository/io/netty/netty-resolver-dns-native-macos/4.1.100.Final/netty-resolver-dns-native-macos-4.1.100.Final-osx-x86_64.jar:/Users/yangfei/.m2/repository/io/netty/netty-resolver-dns-native-macos/4.1.100.Final/netty-resolver-dns-native-macos-4.1.100.Final-osx-aarch_64.jar:/Users/yangfei/.m2/repository/org/apache/hadoop/hadoop-mapreduce-client-jobclient/3.5.0-SNAPSHOT/hadoop-mapreduce-client-jobclient-3.5.0-SNAPSHOT-tests.jar:/Users/yangfei/.m2/repository/org/slf4j/slf4j-reload4j/1.7.36/slf4j-reload4j-1.7.36.jar:/Users/yangfei/.m2/repository/org/apache/hadoop/hadoop-common/3.5.0-SNAPSHOT/hadoop-common-3.5.0-SNAPSHOT.jar:/Users/yangfei/.m2/repository/org/apache/hadoop/thirdparty/hadoop-shaded-protobuf_3_25/1.3.0/hadoop-shaded-protobuf_3_25-1.3.0.jar:/Users/yangfei/.m2/repository/com/google/guava/guava/27.0-jre/guava-27.0-jre.jar:/Users/yangfei/.m2/repository/com/google/guava/failureaccess/1.0/failureaccess-1.0.jar:/Users/yangfei/.m2/repository/com/google/guava/listenablefuture/9999.0-empty-to-avoid-conflict-with-guava/listenablefuture-9999.0-empty-to-avoid-conflict-with-guava.jar:/Users/yangfei/.m2/repository/org/checkerframework/checker-qual/2.5.2/checker-qual-2.5.2.jar:/Users/yangfei/.m2/repository/com/google/j2objc/j2objc-annotations/1.1/j2objc-annotations-1.1.jar:/Users/yangfei/.m2/repository/org/codehaus/mojo/animal-sniffer-annotations/1.17/animal-sniffer-annotations-1.17.jar:/Users/yangfei/.m2/repository/org/apache/commons/commons-math3/3.6.1/commons-math3-3.6.1.jar:/Users/yangfei/.m2/repository/org/apache/httpcomponents/httpclient/4.5.13/httpclient-4.5.13.jar:/Users/yangfei/.m2/repository/commons-logging/commons-logging/1.2/commons-logging-1.2.jar:/Users/yangfei/.m2/repository/commons-codec/commons-codec/1.15/commons-codec-1.15.jar:/Users/yangfei/.m2/repository/commons-io/commons-io/2.16.1/commons-io-2.16.1.jar:/Users/yangfei/.m2/repository/commons-net/commons-net/3.9.0/commons-net-3.9.0.jar:/Users/yangfei/.m2/repository/org/apache/commons/commons-collections4/4.4/commons-collections4-4.4.jar:/Users/yangfei/.m2/repository/javax/servlet/javax.servlet-api/3.1.0/javax.servlet-api-3.1.0.jar:/Users/yangfei/.m2/repository/jakarta/activation/jakarta.activation-api/1.2.1/jakarta.activation-api-1.2.1.jar:/Users/yangfei/.m2/repository/org/eclipse/jetty/jetty-server/9.4.53.v20231009/jetty-server-9.4.53.v20231009.jar:/Users/yangfei/.m2/repository/org/eclipse/jetty/jetty-http/9.4.53.v20231009/jetty-http-9.4.53.v20231009.jar:/Users/yangfei/.m2/repository/org/eclipse/jetty/jetty-io/9.4.53.v20231009/jetty-io-9.4.53.v20231009.jar:/Users/yangfei/.m2/repository/org/eclipse/jetty/jetty-util/9.4.53.v20231009/jetty-util-9.4.53.v20231009.jar:/Users/yangfei/.m2/repository/org/eclipse/jetty/jetty-servlet/9.4.53.v20231009/jetty-servlet-9.4.53.v20231009.jar:/Users/yangfei/.m2/repository/org/eclipse/jetty/jetty-security/9.4.53.v20231009/jetty-security-9.4.53.v20231009.jar:/Users/yangfei/.m2/repository/org/eclipse/jetty/jetty-webapp/9.4.53.v20231009/jetty-webapp-9.4.53.v20231009.jar:/Users/yangfei/.m2/repository/org/eclipse/jetty/jetty-xml/9.4.53.v20231009/jetty-xml-9.4.53.v20231009.jar:/Users/yangfei/.m2/repository/javax/servlet/jsp/jsp-api/2.1/jsp-api-2.1.jar:/Users/yangfei/.m2/repository/com/sun/jersey/jersey-core/1.19.4/jersey-core-1.19.4.jar:/Users/yangfei/.m2/repository/javax/ws/rs/jsr311-api/1.1.1/jsr311-api-1.1.1.jar:/Users/yangfei/.m2/repository/com/sun/jersey/jersey-servlet/1.19.4/jersey-servlet-1.19.4.jar:/Users/yangfei/.m2/repository/com/github/pjfanning/jersey-json/1.22.0/jersey-json-1.22.0.jar:/Users/yangfei/.m2/repository/com/sun/xml/bind/jaxb-impl/2.2.3-1/jaxb-impl-2.2.3-1.jar:/Users/yangfei/.m2/repository/org/codehaus/jettison/jettison/1.5.4/jettison-1.5.4.jar:/Users/yangfei/.m2/repository/com/sun/jersey/jersey-server/1.19.4/jersey-server-1.19.4.jar:/Users/yangfei/.m2/repository/ch/qos/reload4j/reload4j/1.2.22/reload4j-1.2.22.jar:/Users/yangfei/.m2/repository/commons-beanutils/commons-beanutils/1.9.4/commons-beanutils-1.9.4.jar:/Users/yangfei/.m2/repository/org/apache/commons/commons-configuration2/2.10.1/commons-configuration2-2.10.1.jar:/Users/yangfei/.m2/repository/org/apache/commons/commons-lang3/3.12.0/commons-lang3-3.12.0.jar:/Users/yangfei/.m2/repository/org/apache/commons/commons-text/1.10.0/commons-text-1.10.0.jar:/Users/yangfei/.m2/repository/com/google/re2j/re2j/1.1/re2j-1.1.jar:/Users/yangfei/.m2/repository/com/google/code/gson/gson/2.9.0/gson-2.9.0.jar:/Users/yangfei/.m2/repository/org/apache/hadoop/hadoop-auth/3.5.0-SNAPSHOT/hadoop-auth-3.5.0-SNAPSHOT.jar:/Users/yangfei/.m2/repository/com/nimbusds/nimbus-jose-jwt/9.37.2/nimbus-jose-jwt-9.37.2.jar:/Users/yangfei/.m2/repository/com/github/stephenc/jcip/jcip-annotations/1.0-1/jcip-annotations-1.0-1.jar:/Users/yangfei/.m2/repository/org/apache/curator/curator-framework/5.2.0/curator-framework-5.2.0.jar:/Users/yangfei/.m2/repository/org/apache/kerby/kerb-util/2.0.3/kerb-util-2.0.3.jar:/Users/yangfei/.m2/repository/org/apache/kerby/kerby-config/2.0.3/kerby-config-2.0.3.jar:/Users/yangfei/.m2/repository/org/apache/kerby/kerb-crypto/2.0.3/kerb-crypto-2.0.3.jar:/Users/yangfei/.m2/repository/com/jcraft/jsch/0.1.55/jsch-0.1.55.jar:/Users/yangfei/.m2/repository/org/apache/curator/curator-client/5.2.0/curator-client-5.2.0.jar:/Users/yangfei/.m2/repository/org/apache/curator/curator-recipes/5.2.0/curator-recipes-5.2.0.jar:/Users/yangfei/.m2/repository/com/google/code/findbugs/jsr305/3.0.2/jsr305-3.0.2.jar:/Users/yangfei/.m2/repository/org/apache/zookeeper/zookeeper/3.8.4/zookeeper-3.8.4.jar:/Users/yangfei/.m2/repository/org/apache/zookeeper/zookeeper-jute/3.8.4/zookeeper-jute-3.8.4.jar:/Users/yangfei/.m2/repository/org/apache/yetus/audience-annotations/0.12.0/audience-annotations-0.12.0.jar:/Users/yangfei/.m2/repository/io/netty/netty-handler/4.1.100.Final/netty-handler-4.1.100.Final.jar:/Users/yangfei/.m2/repository/io/netty/netty-transport-native-epoll/4.1.100.Final/netty-transport-native-epoll-4.1.100.Final.jar:/Users/yangfei/.m2/repository/io/dropwizard/metrics/metrics-core/3.2.4/metrics-core-3.2.4.jar:/Users/yangfei/.m2/repository/org/apache/commons/commons-compress/1.26.1/commons-compress-1.26.1.jar:/Users/yangfei/.m2/repository/org/bouncycastle/bcprov-jdk18on/1.78.1/bcprov-jdk18on-1.78.1.jar:/Users/yangfei/.m2/repository/org/apache/kerby/kerb-core/2.0.3/kerb-core-2.0.3.jar:/Users/yangfei/.m2/repository/org/apache/kerby/kerby-pkix/2.0.3/kerby-pkix-2.0.3.jar:/Users/yangfei/.m2/repository/org/apache/kerby/kerby-asn1/2.0.3/kerby-asn1-2.0.3.jar:/Users/yangfei/.m2/repository/org/apache/kerby/kerby-util/2.0.3/kerby-util-2.0.3.jar:/Users/yangfei/.m2/repository/com/fasterxml/jackson/core/jackson-databind/2.12.7.1/jackson-databind-2.12.7.1.jar:/Users/yangfei/.m2/repository/org/codehaus/woodstox/stax2-api/4.2.1/stax2-api-4.2.1.jar:/Users/yangfei/.m2/repository/com/fasterxml/woodstox/woodstox-core/5.4.0/woodstox-core-5.4.0.jar:/Users/yangfei/.m2/repository/dnsjava/dnsjava/3.6.1/dnsjava-3.6.1.jar:/Users/yangfei/.m2/repository/org/xerial/snappy/snappy-java/1.1.10.4/snappy-java-1.1.10.4.jar:/Users/yangfei/.m2/repository/org/apache/hadoop/hadoop-common/3.5.0-SNAPSHOT/hadoop-common-3.5.0-SNAPSHOT-tests.jar:/Users/yangfei/.m2/repository/org/apache/hadoop/hadoop-hdfs-client/3.5.0-SNAPSHOT/hadoop-hdfs-client-3.5.0-SNAPSHOT.jar:/Users/yangfei/.m2/repository/org/apache/httpcomponents/httpcore/4.4.13/httpcore-4.4.13.jar:/Users/yangfei/.m2/repository/com/fasterxml/jackson/core/jackson-annotations/2.12.7/jackson-annotations-2.12.7.jar:/Users/yangfei/.m2/repository/org/apache/hadoop/hadoop-hdfs/3.5.0-SNAPSHOT/hadoop-hdfs-3.5.0-SNAPSHOT-tests.jar:/Users/yangfei/.m2/repository/org/eclipse/jetty/jetty-util-ajax/9.4.53.v20231009/jetty-util-ajax-9.4.53.v20231009.jar:/Users/yangfei/.m2/repository/commons-daemon/commons-daemon/1.0.13/commons-daemon-1.0.13.jar:/Users/yangfei/.m2/repository/org/fusesource/leveldbjni/leveldbjni-all/1.8/leveldbjni-all-1.8.jar:/Users/yangfei/.m2/repository/org/apache/hadoop/hadoop-yarn-server-tests/3.5.0-SNAPSHOT/hadoop-yarn-server-tests-3.5.0-SNAPSHOT-tests.jar:/Users/yangfei/.m2/repository/org/apache/hadoop/hadoop-yarn-server-common/3.5.0-SNAPSHOT/hadoop-yarn-server-common-3.5.0-SNAPSHOT.jar:/Users/yangfei/.m2/repository/org/apache/hadoop/hadoop-registry/3.5.0-SNAPSHOT/hadoop-registry-3.5.0-SNAPSHOT.jar:/Users/yangfei/.m2/repository/javax/cache/cache-api/1.1.1/cache-api-1.1.1.jar:/Users/yangfei/.m2/repository/org/ehcache/ehcache/3.8.2/ehcache-3.8.2.jar:/Users/yangfei/.m2/repository/org/glassfish/jaxb/jaxb-runtime/2.3.1/jaxb-runtime-2.3.1.jar:/Users/yangfei/.m2/repository/org/glassfish/jaxb/txw2/2.3.1/txw2-2.3.1.jar:/Users/yangfei/.m2/repository/com/sun/istack/istack-commons-runtime/3.0.7/istack-commons-runtime-3.0.7.jar:/Users/yangfei/.m2/repository/org/jvnet/staxex/stax-ex/1.8/stax-ex-1.8.jar:/Users/yangfei/.m2/repository/com/sun/xml/fastinfoset/FastInfoset/1.2.15/FastInfoset-1.2.15.jar:/Users/yangfei/.m2/repository/javax/activation/javax.activation-api/1.2.0/javax.activation-api-1.2.0.jar:/Users/yangfei/.m2/repository/com/github/ben-manes/caffeine/caffeine/2.9.3/caffeine-2.9.3.jar:/Users/yangfei/.m2/repository/com/zaxxer/HikariCP/4.0.3/HikariCP-4.0.3.jar:/Users/yangfei/.m2/repository/com/microsoft/sqlserver/mssql-jdbc/6.2.1.jre7/mssql-jdbc-6.2.1.jre7.jar:/Users/yangfei/.m2/repository/org/apache/hadoop/hadoop-yarn-server-nodemanager/3.5.0-SNAPSHOT/hadoop-yarn-server-nodemanager-3.5.0-SNAPSHOT.jar:/Users/yangfei/.m2/repository/javax/xml/bind/jaxb-api/2.2.11/jaxb-api-2.2.11.jar:/Users/yangfei/.m2/repository/com/sun/jersey/jersey-client/1.19.4/jersey-client-1.19.4.jar:/Users/yangfei/.m2/repository/org/eclipse/jetty/websocket/javax-websocket-server-impl/9.4.53.v20231009/javax-websocket-server-impl-9.4.53.v20231009.jar:/Users/yangfei/.m2/repository/org/eclipse/jetty/jetty-annotations/9.4.53.v20231009/jetty-annotations-9.4.53.v20231009.jar:/Users/yangfei/.m2/repository/org/eclipse/jetty/jetty-plus/9.4.53.v20231009/jetty-plus-9.4.53.v20231009.jar:/Users/yangfei/.m2/repository/org/eclipse/jetty/jetty-jndi/9.4.53.v20231009/jetty-jndi-9.4.53.v20231009.jar:/Users/yangfei/.m2/repository/javax/annotation/javax.annotation-api/1.3.2/javax.annotation-api-1.3.2.jar:/Users/yangfei/.m2/repository/org/ow2/asm/asm-commons/9.6/asm-commons-9.6.jar:/Users/yangfei/.m2/repository/org/ow2/asm/asm-tree/9.6/asm-tree-9.6.jar:/Users/yangfei/.m2/repository/org/eclipse/jetty/websocket/javax-websocket-client-impl/9.4.53.v20231009/javax-websocket-client-impl-9.4.53.v20231009.jar:/Users/yangfei/.m2/repository/javax/websocket/javax.websocket-client-api/1.0/javax.websocket-client-api-1.0.jar:/Users/yangfei/.m2/repository/org/eclipse/jetty/websocket/websocket-server/9.4.53.v20231009/websocket-server-9.4.53.v20231009.jar:/Users/yangfei/.m2/repository/org/eclipse/jetty/websocket/websocket-servlet/9.4.53.v20231009/websocket-servlet-9.4.53.v20231009.jar:/Users/yangfei/.m2/repository/javax/websocket/javax.websocket-api/1.0/javax.websocket-api-1.0.jar:/Users/yangfei/.m2/repository/com/sun/jersey/contribs/jersey-guice/1.19.4/jersey-guice-1.19.4.jar:/Users/yangfei/.m2/repository/net/java/dev/jna/jna/5.2.0/jna-5.2.0.jar:/Users/yangfei/.m2/repository/org/apache/hadoop/hadoop-yarn-server-resourcemanager/3.5.0-SNAPSHOT/hadoop-yarn-server-resourcemanager-3.5.0-SNAPSHOT.jar:/Users/yangfei/.m2/repository/org/apache/hadoop/hadoop-yarn-server-applicationhistoryservice/3.5.0-SNAPSHOT/hadoop-yarn-server-applicationhistoryservice-3.5.0-SNAPSHOT.jar:/Users/yangfei/.m2/repository/de/ruedigermoeller/fst/2.50/fst-2.50.jar:/Users/yangfei/.m2/repository/org/objenesis/objenesis/2.6/objenesis-2.6.jar:/Users/yangfei/.m2/repository/org/jsonschema2pojo/jsonschema2pojo-core/1.0.2/jsonschema2pojo-core-1.0.2.jar:/Users/yangfei/.m2/repository/com/sun/codemodel/codemodel/2.6/codemodel-2.6.jar:/Users/yangfei/.m2/repository/commons-lang/commons-lang/2.6/commons-lang-2.6.jar:/Users/yangfei/.m2/repository/org/apache/hadoop/hadoop-yarn-server-timelineservice/3.5.0-SNAPSHOT/hadoop-yarn-server-timelineservice-3.5.0-SNAPSHOT.jar:/Users/yangfei/.m2/repository/org/apache/commons/commons-csv/1.9.0/commons-csv-1.9.0.jar:/Users/yangfei/.m2/repository/org/apache/hadoop/hadoop-yarn-common/3.5.0-SNAPSHOT/hadoop-yarn-common-3.5.0-SNAPSHOT.jar:/Users/yangfei/.m2/repository/com/fasterxml/jackson/module/jackson-module-jaxb-annotations/2.12.7/jackson-module-jaxb-annotations-2.12.7.jar:/Users/yangfei/.m2/repository/jakarta/xml/bind/jakarta.xml.bind-api/2.3.2/jakarta.xml.bind-api-2.3.2.jar:/Users/yangfei/.m2/repository/com/fasterxml/jackson/jaxrs/jackson-jaxrs-json-provider/2.12.7/jackson-jaxrs-json-provider-2.12.7.jar:/Users/yangfei/.m2/repository/com/fasterxml/jackson/jaxrs/jackson-jaxrs-base/2.12.7/jackson-jaxrs-base-2.12.7.jar:/Users/yangfei/.m2/repository/org/apache/hadoop/hadoop-yarn-api/3.5.0-SNAPSHOT/hadoop-yarn-api-3.5.0-SNAPSHOT.jar:/Users/yangfei/.m2/repository/org/apache/hadoop/hadoop-mapreduce-client-app/3.5.0-SNAPSHOT/hadoop-mapreduce-client-app-3.5.0-SNAPSHOT.jar:/Users/yangfei/.m2/repository/org/apache/hadoop/hadoop-yarn-server-web-proxy/3.5.0-SNAPSHOT/hadoop-yarn-server-web-proxy-3.5.0-SNAPSHOT.jar:/Users/yangfei/.m2/repository/org/apache/hadoop/hadoop-mapreduce-client-shuffle/3.5.0-SNAPSHOT/hadoop-mapreduce-client-shuffle-3.5.0-SNAPSHOT.jar:/Users/yangfei/.m2/repository/org/apache/hadoop/hadoop-mapreduce-client-app/3.5.0-SNAPSHOT/hadoop-mapreduce-client-app-3.5.0-SNAPSHOT-tests.jar:/Users/yangfei/.m2/repository/com/sun/jersey/jersey-test-framework/jersey-test-framework-grizzly2/1.19.4/jersey-test-framework-grizzly2-1.19.4.jar:/Users/yangfei/.m2/repository/com/sun/jersey/jersey-test-framework/jersey-test-framework-core/1.19.4/jersey-test-framework-core-1.19.4.jar:/Users/yangfei/.m2/repository/junit/junit/4.13.2/junit-4.13.2.jar:/Users/yangfei/.m2/repository/org/hamcrest/hamcrest-core/1.3/hamcrest-core-1.3.jar:/Users/yangfei/.m2/repository/com/sun/jersey/jersey-grizzly2-servlet/1.19.4/jersey-grizzly2-servlet-1.19.4.jar:/Users/yangfei/.m2/repository/org/glassfish/grizzly/grizzly-http-servlet/2.2.16/grizzly-http-servlet-2.2.16.jar:/Users/yangfei/.m2/repository/org/glassfish/grizzly/grizzly-http-server/2.2.16/grizzly-http-server-2.2.16.jar:/Users/yangfei/.m2/repository/org/glassfish/grizzly/grizzly-rcm/2.2.16/grizzly-rcm-2.2.16.jar:/Users/yangfei/.m2/repository/com/sun/jersey/jersey-grizzly2/1.19.4/jersey-grizzly2-1.19.4.jar:/Users/yangfei/.m2/repository/org/glassfish/grizzly/grizzly-http/2.2.16/grizzly-http-2.2.16.jar:/Users/yangfei/.m2/repository/org/glassfish/grizzly/grizzly-framework/2.2.16/grizzly-framework-2.2.16.jar:/Users/yangfei/.m2/repository/org/apache/hadoop/hadoop-mapreduce-client-hs/3.5.0-SNAPSHOT/hadoop-mapreduce-client-hs-3.5.0-SNAPSHOT.jar:/Users/yangfei/.m2/repository/org/apache/hadoop/hadoop-hdfs/3.5.0-SNAPSHOT/hadoop-hdfs-3.5.0-SNAPSHOT.jar:/Users/yangfei/.m2/repository/org/hsqldb/hsqldb/2.7.1/hsqldb-2.7.1-jdk8.jar:/Users/yangfei/.m2/repository/org/apache/hadoop/thirdparty/hadoop-shaded-guava/1.3.0/hadoop-shaded-guava-1.3.0.jar:/Users/yangfei/.m2/repository/org/slf4j/slf4j-api/1.7.36/slf4j-api-1.7.36.jar:/Users/yangfei/.m2/repository/org/assertj/assertj-core/3.12.2/assertj-core-3.12.2.jar:/Users/yangfei/.m2/repository/org/junit/jupiter/junit-jupiter-api/5.8.2/junit-jupiter-api-5.8.2.jar:/Users/yangfei/.m2/repository/org/opentest4j/opentest4j/1.2.0/opentest4j-1.2.0.jar:/Users/yangfei/.m2/repository/org/junit/platform/junit-platform-commons/1.8.2/junit-platform-commons-1.8.2.jar:/Users/yangfei/.m2/repository/org/apiguardian/apiguardian-api/1.1.2/apiguardian-api-1.1.2.jar:/Users/yangfei/.m2/repository/org/junit/jupiter/junit-jupiter-engine/5.8.2/junit-jupiter-engine-5.8.2.jar:/Users/yangfei/.m2/repository/org/junit/platform/junit-platform-engine/1.8.2/junit-platform-engine-1.8.2.jar:/Users/yangfei/.m2/repository/org/junit/platform/junit-platform-launcher/1.8.2/junit-platform-launcher-1.8.2.jar:"/>
    <property name="sun.cpu.endian" value="little"/>
    <property name="user.home" value="/Users/yangfei"/>
    <property name="user.language" value="en"/>
    <property name="java.specification.vendor" value="Oracle Corporation"/>
    <property name="java.version.date" value="2022-08-12"/>
    <property name="java.home" value="/Users/yangfei/.sdkman/candidates/java/17.0.4.1-tem"/>
    <property name="java.security.krb5.conf" value="/Users/yangfei/Desktop/2024fall/cloud_infra/project/hadoop/hadoop-mapreduce-project/hadoop-mapreduce-examples/target/test-classes/krb5.conf"/>
    <property name="file.separator" value="/"/>
    <property name="basedir" value="/Users/yangfei/Desktop/2024fall/cloud_infra/project/hadoop/hadoop-mapreduce-project/hadoop-mapreduce-examples"/>
    <property name="java.vm.compressedOopsMode" value="Zero based"/>
    <property name="line.separator" value="&#10;"/>
    <property name="java.vm.specification.vendor" value="Oracle Corporation"/>
    <property name="java.specification.name" value="Java Platform API Specification"/>
    <property name="surefire.real.class.path" value="/Users/yangfei/Desktop/2024fall/cloud_infra/project/hadoop/hadoop-mapreduce-project/hadoop-mapreduce-examples/target/surefire/surefirebooter5844642575361415991.jar"/>
    <property name="hadoop.log.dir" value="/Users/yangfei/Desktop/2024fall/cloud_infra/project/hadoop/hadoop-mapreduce-project/hadoop-mapreduce-examples/target/log"/>
    <property name="sun.management.compiler" value="HotSpot 64-Bit Tiered Compilers"/>
    <property name="ftp.nonProxyHosts" value="127.0.0.1|192.168.0.0/16|*.192.168.0.0/16|10.0.0.0/8|*.10.0.0.0/8|172.16.0.0/12|*.172.16.0.0/12|100.64.0.0/10|*.100.64.0.0/10|17.0.0.0/8|*.17.0.0.0/8|localhost|*.localhost|local|*.local|169.254.0.0/16|*.169.254.0.0/16|224.0.0.0/4|*.224.0.0.0/4|240.0.0.0/4|*.240.0.0.0/4"/>
    <property name="java.runtime.version" value="17.0.4.1+1"/>
    <property name="user.name" value="yangfei"/>
    <property name="java.net.preferIPv4Stack" value="true"/>
    <property name="path.separator" value=":"/>
    <property name="java.security.egd" value="file:///dev/urandom"/>
    <property name="os.version" value="13.3"/>
    <property name="java.runtime.name" value="OpenJDK Runtime Environment"/>
    <property name="file.encoding" value="UTF-8"/>
    <property name="java.vm.name" value="OpenJDK 64-Bit Server VM"/>
    <property name="java.vendor.version" value="Temurin-17.0.4.1+1"/>
    <property name="test.build.webapps" value=""/>
    <property name="localRepository" value="/Users/yangfei/.m2/repository"/>
    <property name="java.vendor.url.bug" value="https://github.com/adoptium/adoptium-support/issues"/>
    <property name="java.io.tmpdir" value="/var/folders/sc/1qgjn6zx5tq8tqg800_4zgn00000gn/T/"/>
    <property name="require.test.libhadoop" value=""/>
    <property name="java.version" value="17.0.4.1"/>
    <property name="user.dir" value="/Users/yangfei/Desktop/2024fall/cloud_infra/project/hadoop/hadoop-mapreduce-project/hadoop-mapreduce-examples"/>
    <property name="os.arch" value="aarch64"/>
    <property name="java.vm.specification.name" value="Java Virtual Machine Specification"/>
    <property name="test.build.classes" value="/Users/yangfei/Desktop/2024fall/cloud_infra/project/hadoop/hadoop-mapreduce-project/hadoop-mapreduce-examples/target/test-classes"/>
    <property name="native.encoding" value="UTF-8"/>
    <property name="hadoop.tmp.dir" value="/Users/yangfei/Desktop/2024fall/cloud_infra/project/hadoop/hadoop-mapreduce-project/hadoop-mapreduce-examples/target/tmp"/>
    <property name="java.library.path" value="/Users/yangfei/Library/Java/Extensions:/Library/Java/Extensions:/Network/Library/Java/Extensions:/System/Library/Java/Extensions:/usr/lib/java:."/>
    <property name="java.vm.info" value="mixed mode"/>
    <property name="java.vendor" value="Eclipse Adoptium"/>
    <property name="java.vm.version" value="17.0.4.1+1"/>
    <property name="sun.io.unicode.encoding" value="UnicodeBig"/>
    <property name="socksNonProxyHosts" value="127.0.0.1|192.168.0.0/16|*.192.168.0.0/16|10.0.0.0/8|*.10.0.0.0/8|172.16.0.0/12|*.172.16.0.0/12|100.64.0.0/10|*.100.64.0.0/10|17.0.0.0/8|*.17.0.0.0/8|localhost|*.localhost|local|*.local|169.254.0.0/16|*.169.254.0.0/16|224.0.0.0/4|*.224.0.0.0/4|240.0.0.0/4|*.240.0.0.0/4"/>
    <property name="java.class.version" value="61.0"/>
  </properties>
  <testcase name="testSubtract" classname="org.apache.hadoop.examples.pi.math.TestSummation" time="0.01"/>
</testsuite>